#
# There is insufficient memory for the Java Runtime Environment to continue.
# Native memory allocation (malloc) failed to allocate 764336 bytes for Chunk::new
# Possible reasons:
#   The system is out of physical RAM or swap space
#   The process is running with CompressedOops enabled, and the Java Heap may be blocking the growth of the native heap
# Possible solutions:
#   Reduce memory load on the system
#   Increase physical memory or swap space
#   Check if swap backing store is full
#   Decrease Java heap size (-Xmx/-Xms)
#   Decrease number of Java threads
#   Decrease Java thread stack sizes (-Xss)
#   Set larger code cache with -XX:ReservedCodeCacheSize=
#   JVM is running with Unscaled Compressed Oops mode in which the Java heap is
#     placed in the first 4GB address space. The Java Heap base address is the
#     maximum limit for the native heap growth. Please use -XX:HeapBaseMinAddress
#     to set the Java Heap base and to place the Java Heap above 4GB virtual address.
# This output file may be truncated or incomplete.
#
#  Out of Memory Error (allocation.cpp:389), pid=5736, tid=0x000000000000112c
#
# JRE version: Java(TM) SE Runtime Environment (8.0_371) (build 1.8.0_371-b11)
# Java VM: Java HotSpot(TM) 64-Bit Server VM (25.371-b11 mixed mode windows-amd64 compressed oops)
# Failed to write core dump. Minidumps are not enabled by default on client versions of Windows
#

---------------  T H R E A D  ---------------

Current thread (0x0000025bc7844800):  JavaThread "C2 CompilerThread1" daemon [_thread_in_native, id=4396, stack(0x000000b55d200000,0x000000b55d300000)]

Stack: [0x000000b55d200000,0x000000b55d300000]
Native frames: (J=compiled Java code, j=interpreted, Vv=VM code, C=native code)
V  [jvm.dll+0x34d9f9]
V  [jvm.dll+0x28aa12]
V  [jvm.dll+0x28b5dd]
V  [jvm.dll+0x281da5]
V  [jvm.dll+0xdb51c]
V  [jvm.dll+0xdbd2c]
V  [jvm.dll+0x4779e2]
V  [jvm.dll+0x4b7f0b]
V  [jvm.dll+0x465f6b]
V  [jvm.dll+0x463622]
V  [jvm.dll+0x44d45b]
V  [jvm.dll+0xb02c6]
V  [jvm.dll+0xae99f]
V  [jvm.dll+0x24e572]
V  [jvm.dll+0x2a76ac]
C  [ucrtbase.dll+0x29363]
C  [KERNEL32.DLL+0x1257d]
C  [ntdll.dll+0x5aa58]


Current CompileTask:
C2:  15214 5564       4       org.springframework.asm.Frame::execute (2305 bytes)


---------------  P R O C E S S  ---------------

Java Threads: ( => current thread )
  0x0000025bd2219000 JavaThread "DestroyJavaVM" [_thread_blocked, id=8332, stack(0x000000b55c100000,0x000000b55c200000)]
  0x0000025bd2219800 JavaThread "ThreadPoolTaskScheduler1" [_thread_in_vm, id=35320, stack(0x000000b55e400000,0x000000b55e500000)]
  0x0000025bd221c000 JavaThread "http-nio-8080-Acceptor" daemon [_thread_in_native, id=19632, stack(0x000000b55e300000,0x000000b55e400000)]
  0x0000025bc7853000 JavaThread "http-nio-8080-Poller" daemon [_thread_in_native, id=7940, stack(0x000000b55e200000,0x000000b55e300000)]
  0x0000025bc7851800 JavaThread "Live Reload Server" daemon [_thread_in_native, id=18616, stack(0x000000b55e100000,0x000000b55e200000)]
  0x0000025bc7852800 JavaThread "File Watcher" daemon [_thread_blocked, id=30976, stack(0x000000b55e000000,0x000000b55e100000)]
  0x0000025bc7850000 JavaThread "HikariPool-1 connection adder" daemon [_thread_blocked, id=7372, stack(0x000000b55df00000,0x000000b55e000000)]
  0x0000025bc7856000 JavaThread "HikariPool-1 housekeeper" daemon [_thread_blocked, id=16224, stack(0x000000b55de00000,0x000000b55df00000)]
  0x0000025bc7857000 JavaThread "mssql-jdbc-shared-timer-core-0" daemon [_thread_blocked, id=1420, stack(0x000000b55dd00000,0x000000b55de00000)]
  0x0000025bca342000 JavaThread "container-0" [_thread_blocked, id=18096, stack(0x000000b55db00000,0x000000b55dc00000)]
  0x0000025bca341000 JavaThread "Catalina-utility-2" [_thread_blocked, id=33604, stack(0x000000b55da00000,0x000000b55db00000)]
  0x0000025bcea87000 JavaThread "Catalina-utility-1" [_thread_blocked, id=25800, stack(0x000000b55d900000,0x000000b55da00000)]
  0x0000025bc9d0b800 JavaThread "Service Thread" daemon [_thread_blocked, id=17804, stack(0x000000b55d500000,0x000000b55d600000)]
  0x0000025bc7855800 JavaThread "C1 CompilerThread3" daemon [_thread_blocked, id=3212, stack(0x000000b55d400000,0x000000b55d500000)]
  0x0000025bc784d800 JavaThread "C2 CompilerThread2" daemon [_thread_blocked, id=30656, stack(0x000000b55d300000,0x000000b55d400000)]
=>0x0000025bc7844800 JavaThread "C2 CompilerThread1" daemon [_thread_in_native, id=4396, stack(0x000000b55d200000,0x000000b55d300000)]
  0x0000025bc7842000 JavaThread "C2 CompilerThread0" daemon [_thread_in_native, id=29596, stack(0x000000b55d100000,0x000000b55d200000)]
  0x0000025bc783f000 JavaThread "Attach Listener" daemon [_thread_blocked, id=28424, stack(0x000000b55d000000,0x000000b55d100000)]
  0x0000025bc783e000 JavaThread "Signal Dispatcher" daemon [_thread_blocked, id=39188, stack(0x000000b55cf00000,0x000000b55d000000)]
  0x0000025bc7812800 JavaThread "Finalizer" daemon [_thread_blocked, id=22964, stack(0x000000b55ce00000,0x000000b55cf00000)]
  0x0000025bc780b800 JavaThread "Reference Handler" daemon [_thread_blocked, id=34392, stack(0x000000b55cd00000,0x000000b55ce00000)]

Other Threads:
  0x0000025bc77e5000 VMThread [stack: 0x000000b55cc00000,0x000000b55cd00000] [id=35548]
  0x0000025bc9d67800 WatcherThread [stack: 0x000000b55d600000,0x000000b55d700000] [id=32084]

VM state:not at safepoint (normal execution)

VM Mutex/Monitor currently owned by a thread: None

heap address: 0x0000000085a00000, size: 1958 MB, Compressed Oops mode: 32-bit
Narrow klass base: 0x0000000000000000, Narrow klass shift: 3
Compressed class space size: 1073741824 Address: 0x0000000100000000

Heap:
 PSYoungGen      total 224256K, used 57590K [0x00000000d7380000, 0x00000000e5f00000, 0x0000000100000000)
  eden space 208384K, 27% used [0x00000000d7380000,0x00000000dabbdbb8,0x00000000e3f00000)
  from space 15872K, 0% used [0x00000000e4f80000,0x00000000e4f80000,0x00000000e5f00000)
  to   space 16384K, 0% used [0x00000000e3f00000,0x00000000e3f00000,0x00000000e4f00000)
 ParOldGen       total 81408K, used 23063K [0x0000000085a00000, 0x000000008a980000, 0x00000000d7380000)
  object space 81408K, 28% used [0x0000000085a00000,0x0000000087085f18,0x000000008a980000)
 Metaspace       used 59324K, capacity 62344K, committed 62464K, reserved 1103872K
  class space    used 7894K, capacity 8428K, committed 8448K, reserved 1048576K

Card table byte_map: [0x0000025bc25c0000,0x0000025bc29a0000] byte_map_base: 0x0000025bc2193000

Marking Bits: (ParMarkBitMap*) 0x0000000070abd980
 Begin Bits: [0x0000025bc2c30000, 0x0000025bc4ac8000)
 End Bits:   [0x0000025bc4ac8000, 0x0000025bc6960000)

Polling page: 0x0000025bb1a20000

CodeCache: size=245760Kb used=16728Kb max_used=17305Kb free=229031Kb
 bounds [0x0000025bb3200000, 0x0000025bb4310000, 0x0000025bc2200000]
 total_blobs=5279 nmethods=4717 adapters=474
 compilation: enabled

Compilation events (10 events):
Event: 15.158 Thread 0x0000025bc7855800 5585       3       org.springframework.asm.SymbolTable::addTypeInternal (85 bytes)
Event: 15.159 Thread 0x0000025bc7855800 nmethod 5585 0x0000025bb3b946d0 code [0x0000025bb3b94860, 0x0000025bb3b94de0]
Event: 15.161 Thread 0x0000025bc7855800 5587       3       org.springframework.cglib.reflect.FastClassEmitter$2::transform (25 bytes)
Event: 15.162 Thread 0x0000025bc7855800 nmethod 5587 0x0000025bb3dd63d0 code [0x0000025bb3dd65e0, 0x0000025bb3dd7100]
Event: 15.164 Thread 0x0000025bc7855800 5589       3       org.springframework.asm.MethodWriter::visitTableSwitchInsn (120 bytes)
Event: 15.164 Thread 0x0000025bc7855800 nmethod 5589 0x0000025bb33744d0 code [0x0000025bb33746c0, 0x0000025bb3374c90]
Event: 15.164 Thread 0x0000025bc7842000 nmethod 5566 0x0000025bb35546d0 code [0x0000025bb3554860, 0x0000025bb3555258]
Event: 15.165 Thread 0x0000025bc7842000 5588       4       org.springframework.asm.Frame::accept (264 bytes)
Event: 15.167 Thread 0x0000025bc7855800 5590       3       org.springframework.asm.Frame::getInitializedType (152 bytes)
Event: 15.167 Thread 0x0000025bc7855800 nmethod 5590 0x0000025bb36f6fd0 code [0x0000025bb36f7180, 0x0000025bb36f78e0]

GC Heap History (10 events):
Event: 7.301 GC heap before
{Heap before GC invocations=9 (full 1):
 PSYoungGen      total 133120K, used 23288K [0x00000000d7380000, 0x00000000e2680000, 0x0000000100000000)
  eden space 124928K, 12% used [0x00000000d7380000,0x00000000d823ee60,0x00000000ded80000)
  from space 8192K, 99% used [0x00000000ded80000,0x00000000df57f560,0x00000000df580000)
  to   space 11776K, 0% used [0x00000000e1b00000,0x00000000e1b00000,0x00000000e2680000)
 ParOldGen       total 53760K, used 11997K [0x0000000085a00000, 0x0000000088e80000, 0x00000000d7380000)
  object space 53760K, 22% used [0x0000000085a00000,0x00000000865b7540,0x0000000088e80000)
 Metaspace       used 33374K, capacity 35352K, committed 35416K, reserved 1081344K
  class space    used 4201K, capacity 4584K, committed 4608K, reserved 1048576K
Event: 7.314 GC heap after
Heap after GC invocations=9 (full 1):
 PSYoungGen      total 171520K, used 8513K [0x00000000d7380000, 0x00000000e5680000, 0x0000000100000000)
  eden space 159744K, 0% used [0x00000000d7380000,0x00000000d7380000,0x00000000e0f80000)
  from space 11776K, 72% used [0x00000000e1b00000,0x00000000e2350600,0x00000000e2680000)
  to   space 11776K, 0% used [0x00000000e0f80000,0x00000000e0f80000,0x00000000e1b00000)
 ParOldGen       total 53760K, used 12069K [0x0000000085a00000, 0x0000000088e80000, 0x00000000d7380000)
  object space 53760K, 22% used [0x0000000085a00000,0x00000000865c9550,0x0000000088e80000)
 Metaspace       used 33374K, capacity 35352K, committed 35416K, reserved 1081344K
  class space    used 4201K, capacity 4584K, committed 4608K, reserved 1048576K
}
Event: 7.314 GC heap before
{Heap before GC invocations=10 (full 2):
 PSYoungGen      total 171520K, used 8513K [0x00000000d7380000, 0x00000000e5680000, 0x0000000100000000)
  eden space 159744K, 0% used [0x00000000d7380000,0x00000000d7380000,0x00000000e0f80000)
  from space 11776K, 72% used [0x00000000e1b00000,0x00000000e2350600,0x00000000e2680000)
  to   space 11776K, 0% used [0x00000000e0f80000,0x00000000e0f80000,0x00000000e1b00000)
 ParOldGen       total 53760K, used 12069K [0x0000000085a00000, 0x0000000088e80000, 0x00000000d7380000)
  object space 53760K, 22% used [0x0000000085a00000,0x00000000865c9550,0x0000000088e80000)
 Metaspace       used 33374K, capacity 35352K, committed 35416K, reserved 1081344K
  class space    used 4201K, capacity 4584K, committed 4608K, reserved 1048576K
Event: 7.399 GC heap after
Heap after GC invocations=10 (full 2):
 PSYoungGen      total 171520K, used 0K [0x00000000d7380000, 0x00000000e5680000, 0x0000000100000000)
  eden space 159744K, 0% used [0x00000000d7380000,0x00000000d7380000,0x00000000e0f80000)
  from space 11776K, 0% used [0x00000000e1b00000,0x00000000e1b00000,0x00000000e2680000)
  to   space 11776K, 0% used [0x00000000e0f80000,0x00000000e0f80000,0x00000000e1b00000)
 ParOldGen       total 81408K, used 13420K [0x0000000085a00000, 0x000000008a980000, 0x00000000d7380000)
  object space 81408K, 16% used [0x0000000085a00000,0x000000008671b140,0x000000008a980000)
 Metaspace       used 33374K, capacity 35352K, committed 35416K, reserved 1081344K
  class space    used 4201K, capacity 4584K, committed 4608K, reserved 1048576K
}
Event: 11.495 GC heap before
{Heap before GC invocations=11 (full 2):
 PSYoungGen      total 171520K, used 159744K [0x00000000d7380000, 0x00000000e5680000, 0x0000000100000000)
  eden space 159744K, 100% used [0x00000000d7380000,0x00000000e0f80000,0x00000000e0f80000)
  from space 11776K, 0% used [0x00000000e1b00000,0x00000000e1b00000,0x00000000e2680000)
  to   space 11776K, 0% used [0x00000000e0f80000,0x00000000e0f80000,0x00000000e1b00000)
 ParOldGen       total 81408K, used 13420K [0x0000000085a00000, 0x000000008a980000, 0x00000000d7380000)
  object space 81408K, 16% used [0x0000000085a00000,0x000000008671b140,0x000000008a980000)
 Metaspace       used 52628K, capacity 55026K, committed 55296K, reserved 1097728K
  class space    used 6953K, capacity 7387K, committed 7424K, reserved 1048576K
Event: 11.524 GC heap after
Heap after GC invocations=11 (full 2):
 PSYoungGen      total 171520K, used 11756K [0x00000000d7380000, 0x00000000e5f00000, 0x0000000100000000)
  eden space 159744K, 0% used [0x00000000d7380000,0x00000000d7380000,0x00000000e0f80000)
  from space 11776K, 99% used [0x00000000e0f80000,0x00000000e1afb168,0x00000000e1b00000)
  to   space 15872K, 0% used [0x00000000e4f80000,0x00000000e4f80000,0x00000000e5f00000)
 ParOldGen       total 81408K, used 20698K [0x0000000085a00000, 0x000000008a980000, 0x00000000d7380000)
  object space 81408K, 25% used [0x0000000085a00000,0x0000000086e36908,0x000000008a980000)
 Metaspace       used 52628K, capacity 55026K, committed 55296K, reserved 1097728K
  class space    used 6953K, capacity 7387K, committed 7424K, reserved 1048576K
}
Event: 12.919 GC heap before
{Heap before GC invocations=12 (full 2):
 PSYoungGen      total 171520K, used 77513K [0x00000000d7380000, 0x00000000e5f00000, 0x0000000100000000)
  eden space 159744K, 41% used [0x00000000d7380000,0x00000000db3b7550,0x00000000e0f80000)
  from space 11776K, 99% used [0x00000000e0f80000,0x00000000e1afb168,0x00000000e1b00000)
  to   space 15872K, 0% used [0x00000000e4f80000,0x00000000e4f80000,0x00000000e5f00000)
 ParOldGen       total 81408K, used 20698K [0x0000000085a00000, 0x000000008a980000, 0x00000000d7380000)
  object space 81408K, 25% used [0x0000000085a00000,0x0000000086e36908,0x000000008a980000)
 Metaspace       used 56271K, capacity 58902K, committed 59028K, reserved 1099776K
  class space    used 7489K, capacity 7949K, committed 8064K, reserved 1048576K
Event: 12.940 GC heap after
Heap after GC invocations=12 (full 2):
 PSYoungGen      total 224256K, used 11415K [0x00000000d7380000, 0x00000000e5f00000, 0x0000000100000000)
  eden space 208384K, 0% used [0x00000000d7380000,0x00000000d7380000,0x00000000e3f00000)
  from space 15872K, 71% used [0x00000000e4f80000,0x00000000e5aa5e78,0x00000000e5f00000)
  to   space 16384K, 0% used [0x00000000e3f00000,0x00000000e3f00000,0x00000000e4f00000)
 ParOldGen       total 81408K, used 20706K [0x0000000085a00000, 0x000000008a980000, 0x00000000d7380000)
  object space 81408K, 25% used [0x0000000085a00000,0x0000000086e38908,0x000000008a980000)
 Metaspace       used 56271K, capacity 58902K, committed 59028K, reserved 1099776K
  class space    used 7489K, capacity 7949K, committed 8064K, reserved 1048576K
}
Event: 12.940 GC heap before
{Heap before GC invocations=13 (full 3):
 PSYoungGen      total 224256K, used 11415K [0x00000000d7380000, 0x00000000e5f00000, 0x0000000100000000)
  eden space 208384K, 0% used [0x00000000d7380000,0x00000000d7380000,0x00000000e3f00000)
  from space 15872K, 71% used [0x00000000e4f80000,0x00000000e5aa5e78,0x00000000e5f00000)
  to   space 16384K, 0% used [0x00000000e3f00000,0x00000000e3f00000,0x00000000e4f00000)
 ParOldGen       total 81408K, used 20706K [0x0000000085a00000, 0x000000008a980000, 0x00000000d7380000)
  object space 81408K, 25% used [0x0000000085a00000,0x0000000086e38908,0x000000008a980000)
 Metaspace       used 56271K, capacity 58902K, committed 59028K, reserved 1099776K
  class space    used 7489K, capacity 7949K, committed 8064K, reserved 1048576K
Event: 13.188 GC heap after
Heap after GC invocations=13 (full 3):
 PSYoungGen      total 224256K, used 0K [0x00000000d7380000, 0x00000000e5f00000, 0x0000000100000000)
  eden space 208384K, 0% used [0x00000000d7380000,0x00000000d7380000,0x00000000e3f00000)
  from space 15872K, 0% used [0x00000000e4f80000,0x00000000e4f80000,0x00000000e5f00000)
  to   space 16384K, 0% used [0x00000000e3f00000,0x00000000e3f00000,0x00000000e4f00000)
 ParOldGen       total 81408K, used 23063K [0x0000000085a00000, 0x000000008a980000, 0x00000000d7380000)
  object space 81408K, 28% used [0x0000000085a00000,0x0000000087085f18,0x000000008a980000)
 Metaspace       used 56264K, capacity 58890K, committed 59028K, reserved 1099776K
  class space    used 7488K, capacity 7947K, committed 8064K, reserved 1048576K
}

Deoptimization events (10 events):
Event: 13.390 Thread 0x0000025bcaac0000 Uncommon trap: reason=class_check action=maybe_recompile pc=0x0000025bb35c3944 method=org.springframework.boot.context.properties.source.ConfigurationPropertyName$Elements.charAt(II)C @ 43
Event: 13.391 Thread 0x0000025bcaac0000 Uncommon trap: reason=predicate action=maybe_recompile pc=0x0000025bb3f39c64 method=org.springframework.boot.context.properties.source.ConfigurationPropertyName.fastElementEquals(Lorg/springframework/boot/context/properties/source/ConfigurationPropertyNam
Event: 13.391 Thread 0x0000025bcaac0000 Uncommon trap: reason=class_check action=maybe_recompile pc=0x0000025bb35c3944 method=org.springframework.boot.context.properties.source.ConfigurationPropertyName$Elements.charAt(II)C @ 43
Event: 13.425 Thread 0x0000025bcaac0000 Uncommon trap: reason=null_check action=make_not_entrant pc=0x0000025bb3acc0fc method=java.lang.Class.privateGetMethodRecursive(Ljava/lang/String;[Ljava/lang/Class;ZLjava/lang/Class$MethodArray;)Ljava/lang/reflect/Method; @ 35
Event: 13.426 Thread 0x0000025bcaac0000 Uncommon trap: reason=null_check action=make_not_entrant pc=0x0000025bb40f90e4 method=java.lang.Class.privateGetMethodRecursive(Ljava/lang/String;[Ljava/lang/Class;ZLjava/lang/Class$MethodArray;)Ljava/lang/reflect/Method; @ 35
Event: 13.910 Thread 0x0000025bcaac0000 Uncommon trap: reason=class_check action=maybe_recompile pc=0x0000025bb3abc21c method=org.springframework.core.annotation.AnnotationsScanner.processClassInheritedAnnotations(Ljava/lang/Object;Ljava/lang/Class;Lorg/springframework/core/annotation/MergedAnn
Event: 13.910 Thread 0x0000025bcaac0000 Uncommon trap: reason=class_check action=maybe_recompile pc=0x0000025bb3abc21c method=org.springframework.core.annotation.AnnotationsScanner.processClassInheritedAnnotations(Ljava/lang/Object;Ljava/lang/Class;Lorg/springframework/core/annotation/MergedAnn
Event: 13.910 Thread 0x0000025bcaac0000 Uncommon trap: reason=class_check action=maybe_recompile pc=0x0000025bb3abc21c method=org.springframework.core.annotation.AnnotationsScanner.processClassInheritedAnnotations(Ljava/lang/Object;Ljava/lang/Class;Lorg/springframework/core/annotation/MergedAnn
Event: 13.910 Thread 0x0000025bcaac0000 Uncommon trap: reason=class_check action=maybe_recompile pc=0x0000025bb3abc21c method=org.springframework.core.annotation.AnnotationsScanner.processClassInheritedAnnotations(Ljava/lang/Object;Ljava/lang/Class;Lorg/springframework/core/annotation/MergedAnn
Event: 14.011 Thread 0x0000025bcaac0000 Uncommon trap: reason=unstable_if action=reinterpret pc=0x0000025bb3753214 method=org.springframework.util.ConcurrentReferenceHashMap$Segment.restructureIfNecessary(Z)V @ 41

Classes redefined (0 events):
No events

Internal exceptions (10 events):
Event: 11.897 Thread 0x0000025bcaac0000 Implicit null exception at 0x0000025bb37ee4fd to 0x0000025bb37ee5b3
Event: 12.092 Thread 0x0000025bcaac0000 Exception <a 'java/lang/ClassNotFoundException': java/lang/ObjectCustomizer> (0x00000000d96561f0) thrown at [C:\jenkins\workspace\8-2-build-windows-x64-cygwin\jdk8u371\3355\hotspot\src\share\vm\classfile\systemDictionary.cpp, line 212]
Event: 12.093 Thread 0x0000025bcaac0000 Exception <a 'java/lang/ClassNotFoundException': org/springframework/security/config/annotation/web/configuration/HttpSecurityConfigurationCustomizer> (0x00000000d967fb18) thrown at [C:\jenkins\workspace\8-2-build-windows-x64-cygwin\jdk8u371\3355\hotspot\
Event: 12.137 Thread 0x0000025bcaac0000 Exception <a 'java/lang/NoSuchMethodError': java.lang.Object.lambda$byAnnotation$0(Ljava/lang/Class;Ljava/lang/Class;)Z> (0x00000000d989b598) thrown at [C:\jenkins\workspace\8-2-build-windows-x64-cygwin\jdk8u371\3355\hotspot\src\share\vm\interpreter\linkR
Event: 12.525 Thread 0x0000025bcaac0000 Exception <a 'java/security/PrivilegedActionException'> (0x00000000da4fa708) thrown at [C:\jenkins\workspace\8-2-build-windows-x64-cygwin\jdk8u371\3355\hotspot\src\share\vm\prims\jvm.cpp, line 1513]
Event: 12.525 Thread 0x0000025bcaac0000 Exception <a 'java/security/PrivilegedActionException'> (0x00000000da4fab00) thrown at [C:\jenkins\workspace\8-2-build-windows-x64-cygwin\jdk8u371\3355\hotspot\src\share\vm\prims\jvm.cpp, line 1513]
Event: 13.207 Thread 0x0000025bcaac0000 Implicit null exception at 0x0000025bb41e3e19 to 0x0000025bb41e49a9
Event: 13.248 Thread 0x0000025bcaac0000 Exception <a 'java/lang/IncompatibleClassChangeError': Found class java.lang.Object, but interface was expected> (0x00000000d757e250) thrown at [C:\jenkins\workspace\8-2-build-windows-x64-cygwin\jdk8u371\3355\hotspot\src\share\vm\interpreter\linkResolver.
Event: 13.425 Thread 0x0000025bcaac0000 Implicit null exception at 0x0000025bb3ac7e63 to 0x0000025bb3acc0f1
Event: 13.426 Thread 0x0000025bcaac0000 Implicit null exception at 0x0000025bb40f3662 to 0x0000025bb40f90d9

Events (10 events):
Event: 15.115 loading class org/springframework/orm/jpa/vendor/HibernateJpaDialect$HibernateConnectionHandle done
Event: 15.116 loading class org/springframework/jdbc/datasource/ConnectionHolder
Event: 15.116 loading class org/springframework/jdbc/datasource/ConnectionHolder done
Event: 15.135 loading class org/springframework/cglib/reflect/FastClassEmitter$2
Event: 15.135 loading class org/springframework/cglib/reflect/FastClassEmitter$2 done
Event: 15.175 loading class java/util/spi/CalendarNameProvider
Event: 15.175 loading class java/util/spi/CalendarNameProvider done
Event: 15.175 loading class sun/util/locale/provider/CalendarNameProviderImpl
Event: 15.176 loading class sun/util/locale/provider/CalendarNameProviderImpl done
Event: 15.177 loading class sun/util/locale/provider/CalendarDataUtility$CalendarFieldValueNameGetter


Dynamic libraries:
0x00007ff6cc260000 - 0x00007ff6cc2aa000 	C:\Program Files\Java\jdk-1.8\bin\javaw.exe
0x00007ffafbbb0000 - 0x00007ffafbdc7000 	C:\Windows\SYSTEM32\ntdll.dll
0x00007ffaf9ef0000 - 0x00007ffaf9fb4000 	C:\Windows\System32\KERNEL32.DLL
0x00007ffaf9520000 - 0x00007ffaf98c5000 	C:\Windows\System32\KERNELBASE.dll
0x00007ffafb040000 - 0x00007ffafb0f1000 	C:\Windows\System32\ADVAPI32.dll
0x00007ffaf9a60000 - 0x00007ffaf9b07000 	C:\Windows\System32\msvcrt.dll
0x00007ffafa4a0000 - 0x00007ffafa546000 	C:\Windows\System32\sechost.dll
0x00007ffafa1d0000 - 0x00007ffafa2e7000 	C:\Windows\System32\RPCRT4.dll
0x00007ffaf9b80000 - 0x00007ffaf9d2e000 	C:\Windows\System32\USER32.dll
0x00007ffaf98d0000 - 0x00007ffaf98f6000 	C:\Windows\System32\win32u.dll
0x00007ffafb720000 - 0x00007ffafb749000 	C:\Windows\System32\GDI32.dll
0x00007ffaf9010000 - 0x00007ffaf9129000 	C:\Windows\System32\gdi32full.dll
0x00007ffaf9480000 - 0x00007ffaf951a000 	C:\Windows\System32\msvcp_win.dll
0x00007ffaf91f0000 - 0x00007ffaf9301000 	C:\Windows\System32\ucrtbase.dll
0x00007ffadc760000 - 0x00007ffadc9f3000 	C:\Windows\WinSxS\amd64_microsoft.windows.common-controls_6595b64144ccf1df_6.0.22621.2506_none_270c5ae97388e100\COMCTL32.dll
0x00007ffafa190000 - 0x00007ffafa1c1000 	C:\Windows\System32\IMM32.DLL
0x00007ffaf3b90000 - 0x00007ffaf3bab000 	C:\Program Files\Java\jdk-1.8\jre\bin\vcruntime140.dll
0x00007ffaf3d30000 - 0x00007ffaf3d3c000 	C:\Program Files\Java\jdk-1.8\jre\bin\vcruntime140_1.dll
0x00007ffaf3b00000 - 0x00007ffaf3b8e000 	C:\Program Files\Java\jdk-1.8\jre\bin\msvcp140.dll
0x0000000070290000 - 0x0000000070b37000 	C:\Program Files\Java\jdk-1.8\jre\bin\server\jvm.dll
0x00007ffaf9d30000 - 0x00007ffaf9d38000 	C:\Windows\System32\PSAPI.DLL
0x00007ffaf07f0000 - 0x00007ffaf0824000 	C:\Windows\SYSTEM32\WINMM.dll
0x00007ffaeef90000 - 0x00007ffaeef9a000 	C:\Windows\SYSTEM32\VERSION.dll
0x00007ffae8bb0000 - 0x00007ffae8bb9000 	C:\Windows\SYSTEM32\WSOCK32.dll
0x00007ffaf9e50000 - 0x00007ffaf9ec1000 	C:\Windows\System32\WS2_32.dll
0x00007ffaf7d90000 - 0x00007ffaf7da8000 	C:\Windows\SYSTEM32\kernel.appcore.dll
0x00007ffaf3af0000 - 0x00007ffaf3b00000 	C:\Program Files\Java\jdk-1.8\jre\bin\verify.dll
0x00007ffaf3ac0000 - 0x00007ffaf3aeb000 	C:\Program Files\Java\jdk-1.8\jre\bin\java.dll
0x00007ffaf3d80000 - 0x00007ffaf3d98000 	C:\Program Files\Java\jdk-1.8\jre\bin\zip.dll
0x00007ffafa550000 - 0x00007ffafada9000 	C:\Windows\System32\SHELL32.dll
0x00007ffaf6c20000 - 0x00007ffaf7514000 	C:\Windows\SYSTEM32\windows.storage.dll
0x00007ffafb750000 - 0x00007ffafbad9000 	C:\Windows\System32\combase.dll
0x00007ffaf6a30000 - 0x00007ffaf6b6e000 	C:\Windows\SYSTEM32\wintypes.dll
0x00007ffafa2f0000 - 0x00007ffafa3e3000 	C:\Windows\System32\SHCORE.dll
0x00007ffafafd0000 - 0x00007ffafb02e000 	C:\Windows\System32\shlwapi.dll
0x00007ffaf8e50000 - 0x00007ffaf8e76000 	C:\Windows\SYSTEM32\profapi.dll
0x00007ffaf59f0000 - 0x00007ffaf59fd000 	C:\Program Files\Java\jdk-1.8\jre\bin\management.dll
0x00007ffaf3be0000 - 0x00007ffaf3bfc000 	C:\Program Files\Java\jdk-1.8\jre\bin\net.dll
0x00007ffaf83a0000 - 0x00007ffaf8409000 	C:\Windows\system32\mswsock.dll
0x00007fface820000 - 0x00007fface837000 	C:\Windows\system32\napinsp.dll
0x00007ffaf8f90000 - 0x00007ffaf900a000 	C:\Windows\System32\bcryptPrimitives.dll
0x00007fface850000 - 0x00007fface86b000 	C:\Windows\system32\pnrpnsp.dll
0x00007ffaf76a0000 - 0x00007ffaf7799000 	C:\Windows\SYSTEM32\DNSAPI.dll
0x00007ffaf7670000 - 0x00007ffaf769d000 	C:\Windows\SYSTEM32\IPHLPAPI.DLL
0x00007ffafb030000 - 0x00007ffafb039000 	C:\Windows\System32\NSI.dll
0x00007fface800000 - 0x00007fface811000 	C:\Windows\System32\winrnr.dll
0x00007fface7e0000 - 0x00007fface7f5000 	C:\Windows\system32\wshbth.dll
0x00007fface7b0000 - 0x00007fface7d1000 	C:\Windows\system32\nlansp_c.dll
0x00007ffaf0050000 - 0x00007ffaf005a000 	C:\Windows\System32\rasadhlp.dll
0x00007ffaf2e90000 - 0x00007ffaf2f13000 	C:\Windows\System32\fwpuclnt.dll
0x00007ffaf3aa0000 - 0x00007ffaf3ab3000 	C:\Program Files\Java\jdk-1.8\jre\bin\nio.dll
0x00007ffaf86a0000 - 0x00007ffaf86bb000 	C:\Windows\SYSTEM32\CRYPTSP.dll
0x00007ffaf7d50000 - 0x00007ffaf7d85000 	C:\Windows\system32\rsaenh.dll
0x00007ffaf8440000 - 0x00007ffaf846c000 	C:\Windows\SYSTEM32\USERENV.dll
0x00007ffaf87e0000 - 0x00007ffaf8808000 	C:\Windows\SYSTEM32\bcrypt.dll
0x00007ffaf85a0000 - 0x00007ffaf85ac000 	C:\Windows\SYSTEM32\CRYPTBASE.dll
0x00007ffaf2bc0000 - 0x00007ffaf2bd9000 	C:\Windows\SYSTEM32\dhcpcsvc6.DLL
0x00007ffaf2b60000 - 0x00007ffaf2b7f000 	C:\Windows\SYSTEM32\dhcpcsvc.DLL
0x00007ffaf2060000 - 0x00007ffaf2085000 	C:\Program Files\Java\jdk-1.8\jre\bin\sunec.dll
0x00007ffaf3d70000 - 0x00007ffaf3d7d000 	C:\Program Files\Java\jdk-1.8\jre\bin\sunmscapi.dll
0x00007ffaf9310000 - 0x00007ffaf9476000 	C:\Windows\System32\CRYPT32.dll
0x00007ffaf87b0000 - 0x00007ffaf87dd000 	C:\Windows\SYSTEM32\ncrypt.dll
0x00007ffaf8770000 - 0x00007ffaf87a7000 	C:\Windows\SYSTEM32\NTASN1.dll
0x00007ffaf65c0000 - 0x00007ffaf67f3000 	C:\Windows\SYSTEM32\dbghelp.dll
0x00007ffaf9900000 - 0x00007ffaf99d7000 	C:\Windows\System32\OLEAUT32.dll

VM Arguments:
jvm_args: -Dfile.encoding=UTF-8 
java_command: com.titan.mbrDashboard.StationaryApplication
java_class_path (initial): D:\ECLIPSEWORK\stationary\target\classes;C:\Users\832044_cnst4\.m2\repository\com\google\code\gson\gson\2.8.7\gson-2.8.7.jar;C:\Users\832044_cnst4\.m2\repository\org\quartz-scheduler\quartz\2.3.2\quartz-2.3.2.jar;C:\Users\832044_cnst4\.m2\repository\com\mchange\mchange-commons-java\0.2.15\mchange-commons-java-0.2.15.jar;C:\Users\832044_cnst4\.m2\repository\org\slf4j\slf4j-api\1.7.32\slf4j-api-1.7.32.jar;C:\Users\832044_cnst4\.m2\repository\org\apache\poi\poi-ooxml\4.0.1\poi-ooxml-4.0.1.jar;C:\Users\832044_cnst4\.m2\repository\org\apache\poi\poi-ooxml-schemas\4.0.1\poi-ooxml-schemas-4.0.1.jar;C:\Users\832044_cnst4\.m2\repository\org\apache\xmlbeans\xmlbeans\3.0.2\xmlbeans-3.0.2.jar;C:\Users\832044_cnst4\.m2\repository\org\apache\commons\commons-compress\1.18\commons-compress-1.18.jar;C:\Users\832044_cnst4\.m2\repository\com\github\virtuald\curvesapi\1.05\curvesapi-1.05.jar;C:\Users\832044_cnst4\.m2\repository\org\apache\tomcat\embed\tomcat-embed-jasper\9.0.52\tomcat-embed-jasper-9.0.52.jar;C:\Users\832044_cnst4\.m2\repository\org\apache\tomcat\embed\tomcat-embed-core\9.0.52\tomcat-embed-core-9.0.52.jar;C:\Users\832044_cnst4\.m2\repository\org\apache\tomcat\tomcat-annotations-api\9.0.52\tomcat-annotations-api-9.0.52.jar;C:\Users\832044_cnst4\.m2\repository\org\apache\tomcat\embed\tomcat-embed-el\9.0.52\tomcat-embed-el-9.0.52.jar;C:\Users\832044_cnst4\.m2\repository\org\eclipse\jdt\ecj\3.18.0\ecj-3.18.0.jar;C:\Users\832044_cnst4\.m2\repository\javax\servlet\jstl\1.2\jstl-1.2.jar;C:\Users\832044_cnst4\.m2\repository\javax\servlet\servlet-api\2.5\servlet-api-2.5.jar;C:\Users\832044_cnst4\.m2\repository\javax\mail\mail\1.4.4\mail-1.4.4.jar;C:\Users\832044_cnst4\.m2\repository\javax\activation\activation\1.1\activation-1.1.jar;C:\Users\832044_cnst4\.m2\repository\javax\persistence\javax.persistence-api\2.2\javax.persistence-api-2.2.jar;C:\Users\832044_cnst4\.m2\repository\org\apache\poi\poi\4.0.1\poi-4.0.1.jar;C:\Users\832044_cnst4\.m2\reposito
Launcher Type: SUN_STANDARD

Environment Variables:
PATH=C:/Users/832044_cnst4/.p2/pool/plugins/org.eclipse.justj.openjdk.hotspot.jre.full.win32.x86_64_21.0.1.v20231028-0937/jre/bin/server;C:/Users/832044_cnst4/.p2/pool/plugins/org.eclipse.justj.openjdk.hotspot.jre.full.win32.x86_64_21.0.1.v20231028-0937/jre/bin;C:\Program Files (x86)\Common Files\Oracle\Java\javapath;C:\Windows\system32;C:\Windows;C:\Windows\System32\Wbem;C:\Windows\System32\WindowsPowerShell\v1.0\;C:\Windows\System32\OpenSSH\;C:\Program Files (x86)\Microsoft SQL Server\160\DTS\Binn\;C:\Program Files\Azure Data Studio\bin;C:\Program Files\Git\cmd;C:\Program Files\nodejs\;C:\Users\832044_cnst4\AppData\Local\Microsoft\WindowsApps;;C:\Users\832044_cnst4\AppData\Local\Programs\Microsoft VS Code\bin;C:\Users\832044_cnst4\AppData\Roaming\npm;C:\Program Files\Azure Data Studio\bin;D:\jee-2021-09\eclipse;
USERNAME=832044_CNST4
OS=Windows_NT
PROCESSOR_IDENTIFIER=Intel64 Family 6 Model 154 Stepping 4, GenuineIntel



---------------  S Y S T E M  ---------------

OS: Windows 11 , 64 bit Build 22621 (10.0.22621.2506)

CPU:total 12 (initial active 12) (6 cores per cpu, 2 threads per core) family 6 model 154 stepping 4, cmov, cx8, fxsr, mmx, sse, sse2, sse3, ssse3, sse4.1, sse4.2, popcnt, avx, avx2, aes, clmul, erms, 3dnowpref, lzcnt, ht, tsc, tscinvbit, bmi1, bmi2, adx

Memory: 4k page, physical 8012104k(338936k free), swap 21147332k(3180k free)

vm_info: Java HotSpot(TM) 64-Bit Server VM (25.371-b11) for windows-amd64 JRE (1.8.0_371-b11), built on Mar 17 2023 04:03:45 by "java_re" with MS VC++ 17.1 (VS2022)

time: Thu Dec 14 10:38:16 2023
timezone: India Standard Time
elapsed time: 15.226868 seconds (0d 0h 0m 15s)

